2019-05-04 23:47:25.022 [INFO ] [.dashboard.internal.DashboardService] - Started Dashboard at http://192.168.1.211:8080
2019-05-04 23:47:26.568 [INFO ] [.dashboard.internal.DashboardService] - Started Dashboard at https://192.168.1.211:8443
2019-05-04 23:47:32.583 [INFO ] [thome.model.lsp.internal.ModelServer] - Started Language Server Protocol (LSP) service on port 5007
2019-05-04 23:51:40.453 [INFO ] [arthome.ui.paper.internal.PaperUIApp] - Started Paper UI at /paperui
2019-05-04 23:51:40.683 [INFO ] [ui.habmin.internal.servlet.HABminApp] - Started HABmin servlet at /habmin
2019-05-05 00:03:39.847 [INFO ] [ing.zwave.handler.ZWaveSerialHandler] - Connecting to serial port '/dev/ttyACM0'
2019-05-05 00:04:38.523 [INFO ] [ing.zwave.handler.ZWaveSerialHandler] - Stopped ZWave serial handler
2019-05-05 00:04:38.539 [INFO ] [ing.zwave.handler.ZWaveSerialHandler] - Connecting to serial port '/dev/tty/ACM0'
2019-05-05 00:05:07.905 [INFO ] [ing.zwave.handler.ZWaveSerialHandler] - Stopped ZWave serial handler
2019-05-05 00:05:07.913 [INFO ] [ing.zwave.handler.ZWaveSerialHandler] - Connecting to serial port '/dev/ttyAMA0'
2019-05-05 00:05:26.731 [INFO ] [ing.zwave.handler.ZWaveSerialHandler] - Stopped ZWave serial handler
2019-05-05 00:05:26.744 [INFO ] [ing.zwave.handler.ZWaveSerialHandler] - Connecting to serial port '/dev/ttyACM0'
2019-05-05 00:18:50.710 [INFO ] [basic.internal.servlet.WebAppServlet] - Stopped Basic UI
2019-05-05 00:18:58.124 [INFO ] [ing.zwave.handler.ZWaveSerialHandler] - Stopped ZWave serial handler
2019-05-05 00:18:58.544 [INFO ] [assic.internal.servlet.WebAppServlet] - Stopped Classic UI
2019-05-05 00:18:58.595 [INFO ] [ui.habmin.internal.servlet.HABminApp] - Stopped HABmin servlet
2019-05-05 00:18:59.093 [INFO ] [arthome.ui.paper.internal.PaperUIApp] - Stopped Paper UI
2019-05-05 00:18:59.138 [INFO ] [panel.internal.HABPanelDashboardTile] - Stopped HABPanel
2019-05-05 00:18:59.162 [INFO ] [.dashboard.internal.DashboardService] - Stopped Dashboard
2019-05-05 00:35:44.283 [INFO ] [panel.internal.HABPanelDashboardTile] - Started HABPanel at /habpanel
2019-05-05 00:35:58.960 [INFO ] [thome.model.lsp.internal.ModelServer] - Started Language Server Protocol (LSP) service on port 5007
2019-05-05 00:36:03.720 [INFO ] [ing.zwave.handler.ZWaveSerialHandler] - Connecting to serial port '/dev/ttyACM0'
2019-05-05 00:36:03.790 [INFO ] [ing.zwave.handler.ZWaveSerialHandler] - Serial port is initialized
2019-05-05 00:36:03.832 [INFO ] [ve.internal.protocol.ZWaveController] - Starting ZWave controller
2019-05-05 00:36:03.834 [INFO ] [ve.internal.protocol.ZWaveController] - ZWave timeout is set to 5000ms. Soft reset is false.
2019-05-05 00:36:04.630 [INFO ] [.dashboard.internal.DashboardService] - Started Dashboard at http://192.168.1.211:8080
2019-05-05 00:36:04.634 [INFO ] [.dashboard.internal.DashboardService] - Started Dashboard at https://192.168.1.211:8443
2019-05-05 00:36:06.022 [INFO ] [arthome.ui.paper.internal.PaperUIApp] - Started Paper UI at /paperui
2019-05-05 00:36:06.182 [INFO ] [ui.habmin.internal.servlet.HABminApp] - Started HABmin servlet at /habmin
2019-05-05 00:41:39.961 [WARN ] [wave.discovery.ZWaveDiscoveryService] - NODE 2: Device discovery could not resolve to a thingType! Manufacturer data not known.
2019-05-05 00:41:40.015 [INFO ] [g.discovery.internal.PersistentInbox] - Added new thing 'zwave:device:3f3da4ed:node2' to inbox.
2019-05-05 00:45:02.478 [WARN ] [wave.discovery.ZWaveDiscoveryService] - NODE 2: Device discovery could not resolve to a thingType! Manufacturer data not known.
2019-05-05 00:45:07.616 [INFO ] [g.discovery.internal.PersistentInbox] - Added new thing 'zwave:device:3f3da4ed:node3' to inbox.
2019-05-05 00:46:14.160 [INFO ] [ing.zwave.handler.ZWaveSerialHandler] - Stopped ZWave serial handler
2019-05-05 00:46:14.194 [INFO ] [ing.zwave.handler.ZWaveSerialHandler] - Connecting to serial port '/dev/ttyACM0'
2019-05-05 00:46:14.212 [INFO ] [ing.zwave.handler.ZWaveSerialHandler] - Serial port is initialized
2019-05-05 00:46:14.224 [INFO ] [ve.internal.protocol.ZWaveController] - Starting ZWave controller
2019-05-05 00:46:14.227 [INFO ] [ve.internal.protocol.ZWaveController] - ZWave timeout is set to 5000ms. Soft reset is false.
2019-05-05 00:46:28.331 [INFO ] [ing.zwave.handler.ZWaveSerialHandler] - Stopped ZWave serial handler
2019-05-05 00:46:28.363 [INFO ] [ing.zwave.handler.ZWaveSerialHandler] - Connecting to serial port '/dev/ttyACM0'
2019-05-05 00:46:28.375 [INFO ] [ing.zwave.handler.ZWaveSerialHandler] - Serial port is initialized
2019-05-05 00:46:28.381 [INFO ] [ve.internal.protocol.ZWaveController] - Starting ZWave controller
2019-05-05 00:46:28.385 [INFO ] [ve.internal.protocol.ZWaveController] - ZWave timeout is set to 5000ms. Soft reset is false.
2019-05-05 08:05:44.998 [INFO ] [ommandclass.ZWaveVersionCommandClass] - NODE 3: Command Class COMMAND_CLASS_BASIC has version 0!
2019-05-05 08:05:52.980 [WARN ] [wave.discovery.ZWaveDiscoveryService] - NODE 2: Device discovery could not resolve to a thingType! Manufacturer data not known.
2019-05-05 08:05:52.992 [INFO ] [g.discovery.internal.PersistentInbox] - Added new thing 'zwave:device:3f3da4ed:node2' to inbox.
2019-05-05 08:06:48.253 [WARN ] [wave.discovery.ZWaveDiscoveryService] - NODE 2: Device discovery could not resolve to a thingType! Manufacturer data not known.
2019-05-05 08:06:48.266 [INFO ] [g.discovery.internal.PersistentInbox] - Added new thing 'zwave:device:3f3da4ed:node2' to inbox.
2019-05-05 08:06:48.293 [INFO ] [g.discovery.internal.PersistentInbox] - Added new thing 'zwave:device:3f3da4ed:node3' to inbox.
2019-05-05 08:09:11.958 [WARN ] [wave.discovery.ZWaveDiscoveryService] - NODE 2: Device discovery could not resolve to a thingType! Manufacturer data not known.
2019-05-05 08:09:11.967 [INFO ] [g.discovery.internal.PersistentInbox] - Added new thing 'zwave:device:3f3da4ed:node2' to inbox.
2019-05-05 08:27:58.961 [INFO ] [g.discovery.internal.PersistentInbox] - Added new thing 'zwave:device:3f3da4ed:node2' to inbox.
